<?xml version="1.0" encoding="UTF-8"?>
<!-- Generated by org.testng.reporters.JUnitReportReporter -->
<testsuite hostname="lawn-128-61-27-149.lawn.gatech.edu" name="storm.starter.tools.SlidingWindowCounterTest" tests="15" failures="0" timestamp="3 Dec 2015 09:42:18 GMT" time="0.003" errors="0">
  <testcase name="lessThanTwoSlotsShouldThrowIAE" time="0.001" classname="storm.starter.tools.SlidingWindowCounterTest"/>
  <testcase name="testCounterWithSimulatedRuns" time="0.001" classname="storm.starter.tools.SlidingWindowCounterTest"/>
  <testcase name="testCounterWithSimulatedRuns" time="0.000" classname="storm.starter.tools.SlidingWindowCounterTest"/>
  <testcase name="twoOrMoreSlotsShouldBeValid" time="0.000" classname="storm.starter.tools.SlidingWindowCounterTest"/>
  <testcase name="twoOrMoreSlotsShouldBeValid" time="0.000" classname="storm.starter.tools.SlidingWindowCounterTest"/>
  <testcase name="lessThanTwoSlotsShouldThrowIAE" time="0.000" classname="storm.starter.tools.SlidingWindowCounterTest"/>
  <testcase name="twoOrMoreSlotsShouldBeValid" time="0.000" classname="storm.starter.tools.SlidingWindowCounterTest"/>
  <testcase name="lessThanTwoSlotsShouldThrowIAE" time="0.000" classname="storm.starter.tools.SlidingWindowCounterTest"/>
  <testcase name="newInstanceShouldHaveEmptyCounts" time="0.000" classname="storm.starter.tools.SlidingWindowCounterTest"/>
  <testcase name="lessThanTwoSlotsShouldThrowIAE" time="0.000" classname="storm.starter.tools.SlidingWindowCounterTest"/>
  <testcase name="testCounterWithSimulatedRuns" time="0.001" classname="storm.starter.tools.SlidingWindowCounterTest"/>
  <testcase name="testCounterWithSimulatedRuns" time="0.000" classname="storm.starter.tools.SlidingWindowCounterTest"/>
  <testcase name="lessThanTwoSlotsShouldThrowIAE" time="0.000" classname="storm.starter.tools.SlidingWindowCounterTest"/>
  <testcase name="testCounterWithSimulatedRuns" time="0.000" classname="storm.starter.tools.SlidingWindowCounterTest"/>
  <testcase name="lessThanTwoSlotsShouldThrowIAE" time="0.000" classname="storm.starter.tools.SlidingWindowCounterTest"/>
</testsuite> <!-- storm.starter.tools.SlidingWindowCounterTest -->
